<?xml version="1.0" encoding="UTF-8"?>
<testsuite name="be.abis.helloworld.HelloWorldApplicationTests" tests="1" skipped="0" failures="0" errors="0" timestamp="2024-10-21T13:55:22" hostname="WS94WO92" time="2.826">
  <properties/>
  <testcase name="person1IsSandy()" classname="be.abis.helloworld.HelloWorldApplicationTests" time="2.826"/>
  <system-out><![CDATA[15:55:16.133 [Test worker] INFO org.springframework.test.context.support.AnnotationConfigContextLoaderUtils -- Could not detect default configuration classes for test class [be.abis.helloworld.HelloWorldApplicationTests]: HelloWorldApplicationTests does not declare any static, non-private, non-final, nested classes annotated with @Configuration.
15:55:16.637 [Test worker] INFO org.springframework.boot.test.context.SpringBootTestContextBootstrapper -- Found @SpringBootConfiguration be.abis.helloworld.HelloWorldApplication for test class be.abis.helloworld.HelloWorldApplicationTests

  .   ____          _            __ _ _
 /\\ / ___'_ __ _ _(_)_ __  __ _ \ \ \ \
( ( )\___ | '_ | '_| | '_ \/ _` | \ \ \ \
 \\/  ___)| |_)| | | | | || (_| |  ) ) ) )
  '  |____| .__|_| |_|_| |_\__, | / / / /
 =========|_|==============|___/=/_/_/_/

 :: Spring Boot ::                (v3.3.4)

2024-10-21T15:55:18.304+02:00  INFO 8264 --- [HelloWorld] [    Test worker] b.a.h.HelloWorldApplicationTests         : Starting HelloWorldApplicationTests using Java 17.0.2 with PID 8264 (started by Duser in C:\Users\Duser\IdeaProjects\HelloWorld)
2024-10-21T15:55:18.314+02:00  INFO 8264 --- [HelloWorld] [    Test worker] b.a.h.HelloWorldApplicationTests         : No active profile set, falling back to 1 default profile: "default"
2024-10-21T15:55:22.763+02:00  INFO 8264 --- [HelloWorld] [    Test worker] b.a.h.HelloWorldApplicationTests         : Started HelloWorldApplicationTests in 5.493 seconds (process running for 9.997)
Sandy
]]></system-out>
  <system-err><![CDATA[]]></system-err>
</testsuite>
